<?xml version="1.0" encoding="UTF-8"?>
<!-- Generated by org.testng.reporters.JUnitXMLReporter -->
<testsuite hostname="DESKTOP-S8J8GPP" ignored="0" name="Default test" tests="6" failures="0" timestamp="01 Jan 2020 07:39:00 GMT" time="82.04" errors="0">
  <testcase name="CartIconVisiblity" time="0.154" classname="com.qa.greenkart.test.TestHomePage"/>
  <testcase name="DeCrementButtonVisiblity" time="0.065" classname="com.qa.greenkart.test.TestHomePage"/>
  <testcase name="InCrementButtonVisiblity" time="0.063" classname="com.qa.greenkart.test.TestHomePage"/>
  <testcase name="addToCartButtonVisiblity" time="0.061" classname="com.qa.greenkart.test.TestHomePage"/>
  <testcase name="loginbuttonvisiblity" time="0.079" classname="com.qa.greenkart.test.TestHomePage"/>
  <testcase name="topDealsLinkVisiblity" time="0.068" classname="com.qa.greenkart.test.TestHomePage"/>
</testsuite> <!-- Default test -->
