<?xml version="1.0" encoding="UTF-8"?>
<!-- Generated by org.testng.reporters.JUnitXMLReporter -->
<testsuite hostname="DESKTOP-S8J8GPP" ignored="7" name="Default test" tests="1" failures="0" timestamp="02 Jan 2020 06:54:01 GMT" time="38.685" errors="0">
  <testcase name="SearchTextFiledVisiblity" time="0.194" classname="com.qa.greenkart.test.TestHomePage"/>
  <testcase name="CartIconVisiblity" time="0.0" classname="com.qa.greenkart.test.TestHomePage">
    <ignored/>
  </testcase> <!-- CartIconVisiblity -->
  <testcase name="addToCartButtonVisiblity" time="0.0" classname="com.qa.greenkart.test.TestHomePage">
    <ignored/>
  </testcase> <!-- addToCartButtonVisiblity -->
  <testcase name="listOfHomePageProduct" time="0.0" classname="com.qa.greenkart.test.TestHomePage">
    <ignored/>
  </testcase> <!-- listOfHomePageProduct -->
  <testcase name="topDealsLinkVisiblity" time="0.0" classname="com.qa.greenkart.test.TestHomePage">
    <ignored/>
  </testcase> <!-- topDealsLinkVisiblity -->
  <testcase name="DeCrementButtonVisiblity" time="0.0" classname="com.qa.greenkart.test.TestHomePage">
    <ignored/>
  </testcase> <!-- DeCrementButtonVisiblity -->
  <testcase name="loginbuttonvisiblity" time="0.0" classname="com.qa.greenkart.test.TestHomePage">
    <ignored/>
  </testcase> <!-- loginbuttonvisiblity -->
  <testcase name="InCrementButtonVisiblity" time="0.0" classname="com.qa.greenkart.test.TestHomePage">
    <ignored/>
  </testcase> <!-- InCrementButtonVisiblity -->
</testsuite> <!-- Default test -->
