<?xml version="1.0" encoding="UTF-8"?>
<!-- Generated by org.testng.reporters.JUnitXMLReporter -->
<testsuite hostname="DESKTOP-S8J8GPP" ignored="0" name="Command line test" tests="6" failures="0" timestamp="01 Jan 2020 07:40:57 GMT" time="84.259" errors="0">
  <testcase name="CartIconVisiblity" time="0.118" classname="com.qa.greenkart.test.TestHomePage"/>
  <testcase name="DeCrementButtonVisiblity" time="0.075" classname="com.qa.greenkart.test.TestHomePage"/>
  <testcase name="InCrementButtonVisiblity" time="0.066" classname="com.qa.greenkart.test.TestHomePage"/>
  <testcase name="addToCartButtonVisiblity" time="0.058" classname="com.qa.greenkart.test.TestHomePage"/>
  <testcase name="loginbuttonvisiblity" time="0.057" classname="com.qa.greenkart.test.TestHomePage"/>
  <testcase name="topDealsLinkVisiblity" time="0.055" classname="com.qa.greenkart.test.TestHomePage"/>
</testsuite> <!-- Command line test -->
