<?xml version="1.0" encoding="UTF-8"?>
<!-- Generated by org.testng.reporters.JUnitXMLReporter -->
<testsuite hostname="DESKTOP-S8J8GPP" ignored="0" name="Command line test" tests="6" failures="0" timestamp="01 Jan 2020 07:56:31 GMT" time="257.082" errors="0">
  <testcase name="CartIconVisiblity" time="0.137" classname="com.qa.greenkart.test.TestHomePage"/>
  <testcase name="DeCrementButtonVisiblity" time="0.089" classname="com.qa.greenkart.test.TestHomePage"/>
  <testcase name="InCrementButtonVisiblity" time="0.101" classname="com.qa.greenkart.test.TestHomePage"/>
  <testcase name="addToCartButtonVisiblity" time="0.067" classname="com.qa.greenkart.test.TestHomePage"/>
  <testcase name="loginbuttonvisiblity" time="0.063" classname="com.qa.greenkart.test.TestHomePage"/>
  <testcase name="topDealsLinkVisiblity" time="0.081" classname="com.qa.greenkart.test.TestHomePage"/>
</testsuite> <!-- Command line test -->
