<?xml version="1.0" encoding="UTF-8" ?>
<testsuite tests="6" failures="0" name="com.qa.greenkart.test.TestHomePage" time="0.538" errors="0" skipped="0">
  <properties>
[...]
</properties>
  <testcase classname="com.qa.greenkart.test.TestHomePage" name="CartIconVisiblity" time="0.137"/>
  <testcase classname="com.qa.greenkart.test.TestHomePage" name="DeCrementButtonVisiblity" time="0.089"/>
  <testcase classname="com.qa.greenkart.test.TestHomePage" name="InCrementButtonVisiblity" time="0.101"/>
  <testcase classname="com.qa.greenkart.test.TestHomePage" name="addToCartButtonVisiblity" time="0.067"/>
  <testcase classname="com.qa.greenkart.test.TestHomePage" name="loginbuttonvisiblity" time="0.062"/>
  <testcase classname="com.qa.greenkart.test.TestHomePage" name="topDealsLinkVisiblity" time="0.082"/>
</testsuite>