<?xml version="1.0" encoding="UTF-8"?>
<testng-results skipped="0" failed="0" ignored="7" total="8" passed="1">
  <reporter-output>
  </reporter-output>
  <suite name="Default suite" duration-ms="38685" started-at="2020-01-02T06:53:22Z" finished-at="2020-01-02T06:54:01Z">
    <groups>
    </groups>
    <test name="Default test" duration-ms="38685" started-at="2020-01-02T06:53:22Z" finished-at="2020-01-02T06:54:01Z">
      <class name="com.qa.greenkart.test.TestHomePage">
        <test-method status="PASS" signature="setUp()[pri:0, instance:com.qa.greenkart.test.TestHomePage@4566e5bd]" name="setUp" is-config="true" duration-ms="37545" started-at="2020-01-02T12:23:23Z" finished-at="2020-01-02T12:24:00Z">
          <reporter-output>
          </reporter-output>
        </test-method> <!-- setUp -->
        <test-method status="PASS" signature="SearchTextFiledVisiblity()[pri:2, instance:com.qa.greenkart.test.TestHomePage@4566e5bd]" name="SearchTextFiledVisiblity" duration-ms="194" started-at="2020-01-02T12:24:00Z" finished-at="2020-01-02T12:24:00Z">
          <reporter-output>
          </reporter-output>
        </test-method> <!-- SearchTextFiledVisiblity -->
        <test-method status="PASS" signature="tearDown()[pri:0, instance:com.qa.greenkart.test.TestHomePage@4566e5bd]" name="tearDown" is-config="true" duration-ms="878" started-at="2020-01-02T12:24:00Z" finished-at="2020-01-02T12:24:01Z">
          <reporter-output>
          </reporter-output>
        </test-method> <!-- tearDown -->
      </class> <!-- com.qa.greenkart.test.TestHomePage -->
    </test> <!-- Default test -->
  </suite> <!-- Default suite -->
</testng-results>
